# JRE version: OpenJDK Runtime Environment (21.0.6) (build 21.0.6+-13368085-b895.109)
# Java VM: OpenJDK 64-Bit Server VM (21.0.6+-13368085-b895.109, mixed mode, tiered, compressed oops, compressed class ptrs, g1 gc, windows-amd64)
GC Precious Log:
 CardTable entry size: 512
 Card Set container configuration: InlinePtr #cards 5 size 8 Array Of Cards #cards 12 size 40 Howl #buckets 4 coarsen threshold 1843 Howl Bitmap #cards 512 size 80 coarsen threshold 460 Card regions per heap region 1 cards per card region 2048
 CPUs: 12 total, 12 available
 Memory: 16307M
 Large Page Support: Disabled
 NUMA Support: Disabled
 Compressed Oops: Enabled (32-bit)
 Heap Region Size: 1M
 Heap Min Capacity: 8M
 Heap Initial Capacity: 256M
 Heap Max Capacity: 2G
 Pre-touch: Disabled
 Parallel Workers: 10
 Concurrent Workers: 3
 Concurrent Refinement Workers: 10
 Periodic GC: Disabled
Heap:
 garbage-first heap   total 239616K, used 157902K [0x0000000080000000, 0x0000000100000000)
  region size 1024K, 37 young (37888K), 2 survivors (2048K)
 Metaspace       used 141234K, committed 143680K, reserved 1179648K
  class space    used 19744K, committed 20992K, reserved 1048576K
GC Heap History (20 events):
Event: 12.616 GC heap before
{Heap before GC invocations=37 (full 0):
 garbage-first heap   total 160768K, used 146257K [0x0000000080000000, 0x0000000100000000)
  region size 1024K, 50 young (51200K), 4 survivors (4096K)
 Metaspace       used 110212K, committed 112448K, reserved 1179648K
  class space    used 15126K, committed 16256K, reserved 1048576K
}
Event: 12.621 GC heap after
{Heap after GC invocations=38 (full 0):
 garbage-first heap   total 160768K, used 102609K [0x0000000080000000, 0x0000000100000000)
  region size 1024K, 7 young (7168K), 7 survivors (7168K)
 Metaspace       used 110212K, committed 112448K, reserved 1179648K
  class space    used 15126K, committed 16256K, reserved 1048576K
}
Event: 13.025 GC heap before
{Heap before GC invocations=38 (full 0):
 garbage-first heap   total 160768K, used 142545K [0x0000000080000000, 0x0000000100000000)
  region size 1024K, 47 young (48128K), 7 survivors (7168K)
 Metaspace       used 113252K, committed 115456K, reserved 1179648K
  class space    used 15508K, committed 16640K, reserved 1048576K
}
Event: 13.032 GC heap after
{Heap after GC invocations=39 (full 0):
 garbage-first heap   total 193536K, used 106316K [0x0000000080000000, 0x0000000100000000)
  region size 1024K, 5 young (5120K), 5 survivors (5120K)
 Metaspace       used 113252K, committed 115456K, reserved 1179648K
  class space    used 15508K, committed 16640K, reserved 1048576K
}
Event: 21.974 GC heap before
{Heap before GC invocations=40 (full 0):
 garbage-first heap   total 193536K, used 177996K [0x0000000080000000, 0x0000000100000000)
  region size 1024K, 71 young (72704K), 5 survivors (5120K)
 Metaspace       used 115387K, committed 117760K, reserved 1179648K
  class space    used 15834K, committed 17024K, reserved 1048576K
}
Event: 21.979 GC heap after
{Heap after GC invocations=41 (full 0):
 garbage-first heap   total 193536K, used 111323K [0x0000000080000000, 0x0000000100000000)
  region size 1024K, 8 young (8192K), 8 survivors (8192K)
 Metaspace       used 115387K, committed 117760K, reserved 1179648K
  class space    used 15834K, committed 17024K, reserved 1048576K
}
Event: 22.450 GC heap before
{Heap before GC invocations=41 (full 0):
 garbage-first heap   total 193536K, used 173787K [0x0000000080000000, 0x0000000100000000)
  region size 1024K, 70 young (71680K), 8 survivors (8192K)
 Metaspace       used 118910K, committed 121216K, reserved 1179648K
  class space    used 16241K, committed 17408K, reserved 1048576K
}
Event: 22.461 GC heap after
{Heap after GC invocations=42 (full 0):
 garbage-first heap   total 193536K, used 115626K [0x0000000080000000, 0x0000000100000000)
  region size 1024K, 9 young (9216K), 9 survivors (9216K)
 Metaspace       used 118910K, committed 121216K, reserved 1179648K
  class space    used 16241K, committed 17408K, reserved 1048576K
}
Event: 22.916 GC heap before
{Heap before GC invocations=42 (full 0):
 garbage-first heap   total 193536K, used 172970K [0x0000000080000000, 0x0000000100000000)
  region size 1024K, 66 young (67584K), 9 survivors (9216K)
 Metaspace       used 127445K, committed 129728K, reserved 1179648K
  class space    used 17637K, committed 18816K, reserved 1048576K
}
Event: 22.927 GC heap after
{Heap after GC invocations=43 (full 0):
 garbage-first heap   total 193536K, used 119384K [0x0000000080000000, 0x0000000100000000)
  region size 1024K, 3 young (3072K), 3 survivors (3072K)
 Metaspace       used 127445K, committed 129728K, reserved 1179648K
  class space    used 17637K, committed 18816K, reserved 1048576K
}
Event: 23.288 GC heap before
{Heap before GC invocations=44 (full 0):
 garbage-first heap   total 199680K, used 177752K [0x0000000080000000, 0x0000000100000000)
  region size 1024K, 61 young (62464K), 3 survivors (3072K)
 Metaspace       used 134683K, committed 137024K, reserved 1179648K
  class space    used 18898K, committed 20096K, reserved 1048576K
}
Event: 23.293 GC heap after
{Heap after GC invocations=45 (full 0):
 garbage-first heap   total 199680K, used 121276K [0x0000000080000000, 0x0000000100000000)
  region size 1024K, 5 young (5120K), 5 survivors (5120K)
 Metaspace       used 134683K, committed 137024K, reserved 1179648K
  class space    used 18898K, committed 20096K, reserved 1048576K
}
Event: 23.896 GC heap before
{Heap before GC invocations=45 (full 0):
 garbage-first heap   total 199680K, used 181692K [0x0000000080000000, 0x0000000100000000)
  region size 1024K, 65 young (66560K), 5 survivors (5120K)
 Metaspace       used 137704K, committed 140096K, reserved 1179648K
  class space    used 19369K, committed 20544K, reserved 1048576K
}
Event: 23.904 GC heap after
{Heap after GC invocations=46 (full 0):
 garbage-first heap   total 199680K, used 122253K [0x0000000080000000, 0x0000000100000000)
  region size 1024K, 8 young (8192K), 8 survivors (8192K)
 Metaspace       used 137704K, committed 140096K, reserved 1179648K
  class space    used 19369K, committed 20544K, reserved 1048576K
}
Event: 24.088 GC heap before
{Heap before GC invocations=46 (full 0):
 garbage-first heap   total 199680K, used 130445K [0x0000000080000000, 0x0000000100000000)
  region size 1024K, 18 young (18432K), 8 survivors (8192K)
 Metaspace       used 139306K, committed 141632K, reserved 1179648K
  class space    used 19572K, committed 20736K, reserved 1048576K
}
Event: 24.093 GC heap after
{Heap after GC invocations=47 (full 0):
 garbage-first heap   total 199680K, used 123211K [0x0000000080000000, 0x0000000100000000)
  region size 1024K, 2 young (2048K), 2 survivors (2048K)
 Metaspace       used 139306K, committed 141632K, reserved 1179648K
  class space    used 19572K, committed 20736K, reserved 1048576K
}
Event: 99.235 GC heap before
{Heap before GC invocations=48 (full 0):
 garbage-first heap   total 239616K, used 200011K [0x0000000080000000, 0x0000000100000000)
  region size 1024K, 60 young (61440K), 2 survivors (2048K)
 Metaspace       used 140447K, committed 142912K, reserved 1179648K
  class space    used 19733K, committed 20992K, reserved 1048576K
}
Event: 99.239 GC heap after
{Heap after GC invocations=49 (full 0):
 garbage-first heap   total 239616K, used 125865K [0x0000000080000000, 0x0000000100000000)
  region size 1024K, 4 young (4096K), 4 survivors (4096K)
 Metaspace       used 140447K, committed 142912K, reserved 1179648K
  class space    used 19733K, committed 20992K, reserved 1048576K
}
Event: 520.443 GC heap before
{Heap before GC invocations=49 (full 0):
 garbage-first heap   total 239616K, used 220073K [0x0000000080000000, 0x0000000100000000)
  region size 1024K, 97 young (99328K), 4 survivors (4096K)
 Metaspace       used 141163K, committed 143616K, reserved 1179648K
  class space    used 19742K, committed 20992K, reserved 1048576K
}
Event: 520.446 GC heap after
{Heap after GC invocations=50 (full 0):
 garbage-first heap   total 239616K, used 123086K [0x0000000080000000, 0x0000000100000000)
  region size 1024K, 2 young (2048K), 2 survivors (2048K)
 Metaspace       used 141163K, committed 143616K, reserved 1179648K
  class space    used 19742K, committed 20992K, reserved 1048576K
}

